[debug] [2025-10-06T13:54:53.529Z] ----------------------------------------------------------------------
[debug] [2025-10-06T13:54:53.534Z] Command:       C:\Program Files\nodejs\node.exe C:\Users\ASUS\AppData\Roaming\npm\node_modules\firebase-tools\lib\bin\firebase.js init
[debug] [2025-10-06T13:54:53.535Z] CLI Version:   14.18.0
[debug] [2025-10-06T13:54:53.535Z] Platform:      win32
[debug] [2025-10-06T13:54:53.535Z] Node Version:  v22.18.0
[debug] [2025-10-06T13:54:53.536Z] Time:          Mon Oct 06 2025 19:24:53 GMT+0530 (India Standard Time)
[debug] [2025-10-06T13:54:53.536Z] ----------------------------------------------------------------------
[debug] 
[debug] [2025-10-06T13:54:53.546Z] > command requires scopes: ["email","openid","https://www.googleapis.com/auth/cloudplatformprojects.readonly","https://www.googleapis.com/auth/firebase","https://www.googleapis.com/auth/cloud-platform"]
[debug] [2025-10-06T13:54:53.547Z] > authorizing via signed-in user (anishamahto070@gmail.com)
[info] 
     ######## #### ########  ######## ########     ###     ######  ########
     ##        ##  ##     ## ##       ##     ##  ##   ##  ##       ##
     ######    ##  ########  ######   ########  #########  ######  ######
     ##        ##  ##    ##  ##       ##     ## ##     ##       ## ##
     ##       #### ##     ## ######## ########  ##     ##  ######  ########

You're about to initialize a Firebase project in this directory:

  C:\Users\ASUS\Desktop\NASA-Project

[info] 
=== Project Setup
[info] 
[info] First, let's associate this project directory with a Firebase project.
[info] You can create multiple project aliases by running firebase use --add, 
[info] but for now we'll just set up a default project.
[info] 
[debug] [2025-10-06T14:16:25.859Z] Checked if tokens are valid: true, expires at: 1759762203147
[debug] [2025-10-06T14:16:25.860Z] Checked if tokens are valid: true, expires at: 1759762203147
[debug] [2025-10-06T14:16:25.863Z] >>> [apiv2][query] GET https://firebase.googleapis.com/v1beta1/projects pageSize=100
[debug] [2025-10-06T14:16:26.983Z] <<< [apiv2][status] GET https://firebase.googleapis.com/v1beta1/projects 200
[debug] [2025-10-06T14:16:26.983Z] <<< [apiv2][body] GET https://firebase.googleapis.com/v1beta1/projects [omitted]
[info] i  Using project nasa-19d16 (NASA) 
[info] 
=== Hosting Setup
[debug] [2025-10-06T14:28:03.089Z] Checked if tokens are valid: true, expires at: 1759762203147
[debug] [2025-10-06T14:28:03.090Z] Checked if tokens are valid: true, expires at: 1759762203147
[debug] [2025-10-06T14:28:03.090Z] >>> [apiv2][query] GET https://firebase.googleapis.com/v1beta1/projects/nasa-19d16 [none]
[debug] [2025-10-06T14:28:03.894Z] <<< [apiv2][status] GET https://firebase.googleapis.com/v1beta1/projects/nasa-19d16 200
[debug] [2025-10-06T14:28:03.895Z] <<< [apiv2][body] GET https://firebase.googleapis.com/v1beta1/projects/nasa-19d16 {"projectId":"nasa-19d16","projectNumber":"638065745707","displayName":"NASA","name":"projects/nasa-19d16","resources":{"hostingSite":"nasa-19d16"},"state":"ACTIVE","etag":"1_f307a0cb-f874-4393-b319-4e117254421c"}
[info] 
[info] Your public directory is the folder (relative to your project directory) that
[info] will contain Hosting assets to be uploaded with firebase deploy. If you
[info] have a build process for your assets, use your build's output directory.
[info] 
